<?xml version="1.0" encoding="UTF-8"?>
<testsuite name="EmployeTest" tests="4" skipped="0" failures="0" errors="0" timestamp="2020-11-01T09:31:58" hostname="SAM" time="0.125">
  <properties/>
  <testcase name="IGR pour un employe marocain, plus de 120000()" classname="EmployeTest" time="0.11"/>
  <testcase name="IGR pour un employe marocain, moine de 40000()" classname="EmployeTest" time="0.003"/>
  <testcase name="IGR pour un employe algerien()" classname="EmployeTest" time="0.005"/>
  <testcase name="IGR pour un employe marocain, entre 40000 et 120000()" classname="EmployeTest" time="0.002"/>
  <system-out><![CDATA[]]></system-out>
  <system-err><![CDATA[]]></system-err>
</testsuite>
